<?xml version="1.0" encoding="utf-8"?><testsuites name="pytest tests"><testsuite name="pytest" errors="0" failures="0" skipped="0" tests="33" time="4.933" timestamp="2026-06-05T11:54:12.873912+00:00" hostname="agent-env-de14f6a1-c652-4bd9-9e98-22ab557da83c"><testcase classname="backend.tests.test_auth_multitenant.TestAuth" name="test_me_without_auth_returns_401" time="0.254" /><testcase classname="backend.tests.test_auth_multitenant.TestAuth" name="test_session_without_session_id_header" time="0.155" /><testcase classname="backend.tests.test_auth_multitenant.TestAuth" name="test_session_with_invalid_session_id" time="0.261" /><testcase classname="backend.tests.test_auth_multitenant.TestAuth" name="test_me_with_valid_bearer" time="0.121" /><testcase classname="backend.tests.test_auth_multitenant.TestAuth" name="test_me_with_invalid_bearer" time="0.118" /><testcase classname="backend.tests.test_auth_multitenant.TestAuth" name="test_logout_deletes_session" time="0.362" /><testcase classname="backend.tests.test_auth_multitenant.TestAuthGating" name="test_get_requires_auth[/api/shipments]" time="0.108" /><testcase classname="backend.tests.test_auth_multitenant.TestAuthGating" name="test_get_requires_auth[/api/pickups]" time="0.113" /><testcase classname="backend.tests.test_auth_multitenant.TestAuthGating" name="test_get_requires_auth[/api/dashboard/stats]" time="0.107" /><testcase classname="backend.tests.test_auth_multitenant.TestAuthGating" name="test_get_requires_auth[/api/settings]" time="0.105" /><testcase classname="backend.tests.test_auth_multitenant.TestAuthGating" name="test_get_requires_auth[/api/pincode/check?pincode=400001]" time="0.181" /><testcase classname="backend.tests.test_auth_multitenant.TestAuthGating" name="test_get_requires_auth[/api/shipments/bulk/template]" time="0.122" /><testcase classname="backend.tests.test_auth_multitenant.TestAuthGating" name="test_get_requires_auth[/api/shipments/bulk/download]" time="0.100" /><testcase classname="backend.tests.test_auth_multitenant.TestAuthGating" name="test_get_requires_auth[/api/shipments/bulk/labels?waybills=123]" time="0.096" /><testcase classname="backend.tests.test_auth_multitenant.TestAuthGating" name="test_get_requires_auth[/api/shipments/some-id]" time="0.102" /><testcase classname="backend.tests.test_auth_multitenant.TestAuthGating" name="test_get_requires_auth[/api/shipments/some-id/track]" time="0.104" /><testcase classname="backend.tests.test_auth_multitenant.TestAuthGating" name="test_get_requires_auth[/api/shipments/some-id/label]" time="0.108" /><testcase classname="backend.tests.test_auth_multitenant.TestAuthGating" name="test_post_requires_auth[/api/orders-body0]" time="0.098" /><testcase classname="backend.tests.test_auth_multitenant.TestAuthGating" name="test_post_requires_auth[/api/shipments-body1]" time="0.098" /><testcase classname="backend.tests.test_auth_multitenant.TestAuthGating" name="test_post_requires_auth[/api/pickups-body2]" time="0.111" /><testcase classname="backend.tests.test_auth_multitenant.TestAuthGating" name="test_post_requires_auth[/api/warehouse/register-body3]" time="0.108" /><testcase classname="backend.tests.test_auth_multitenant.TestAuthGating" name="test_put_settings_requires_auth" time="0.109" /><testcase classname="backend.tests.test_auth_multitenant.TestAuthGating" name="test_bulk_upload_requires_auth" time="0.103" /><testcase classname="backend.tests.test_auth_multitenant.TestMultiTenantSettings" name="test_each_user_has_own_settings" time="0.441" /><testcase classname="backend.tests.test_auth_multitenant.TestMultiTenantShipments" name="test_user_a_only_sees_own_shipments" time="0.118" /><testcase classname="backend.tests.test_auth_multitenant.TestMultiTenantShipments" name="test_user_b_only_sees_own_shipments" time="0.112" /><testcase classname="backend.tests.test_auth_multitenant.TestMultiTenantShipments" name="test_get_other_users_shipment_returns_404" time="0.109" /><testcase classname="backend.tests.test_auth_multitenant.TestMultiTenantShipments" name="test_track_other_users_shipment_returns_404" time="0.114" /><testcase classname="backend.tests.test_auth_multitenant.TestMultiTenantShipments" name="test_label_other_users_shipment_returns_404" time="0.102" /><testcase classname="backend.tests.test_auth_multitenant.TestMultiTenantShipments" name="test_get_own_shipment_works" time="0.103" /><testcase classname="backend.tests.test_auth_multitenant.TestMultiTenantShipments" name="test_dashboard_stats_isolated" time="0.223" /><testcase classname="backend.tests.test_auth_multitenant.TestMultiTenantShipments" name="test_new_user_has_zero_stats" time="0.120" /><testcase classname="backend.tests.test_auth_multitenant.TestMultiTenantShipments" name="test_bulk_download_only_includes_own_shipments" time="0.106" /></testsuite></testsuites>