<?xml version="1.0" encoding="utf-8"?><testsuites name="pytest tests"><testsuite name="pytest" errors="0" failures="0" skipped="0" tests="18" time="3.148" timestamp="2026-06-11T10:53:51.469229+00:00" hostname="agent-env-de14f6a1-c652-4bd9-9e98-22ab557da83c"><testcase classname="backend.tests.test_admin_whitelist.TestAuthMe" name="test_me_returns_is_admin_true" time="0.130" /><testcase classname="backend.tests.test_admin_whitelist.TestAuthMe" name="test_me_returns_is_admin_false" time="0.107" /><testcase classname="backend.tests.test_admin_whitelist.TestSessionWhitelist" name="test_no_session_id_returns_400" time="0.105" /><testcase classname="backend.tests.test_admin_whitelist.TestSessionWhitelist" name="test_invalid_session_id_returns_401" time="0.458" /><testcase classname="backend.tests.test_admin_whitelist.TestAdminAuth" name="test_non_admin_blocked_list_emails" time="0.114" /><testcase classname="backend.tests.test_admin_whitelist.TestAdminAuth" name="test_non_admin_blocked_add_email" time="0.102" /><testcase classname="backend.tests.test_admin_whitelist.TestAdminAuth" name="test_non_admin_blocked_list_users" time="0.101" /><testcase classname="backend.tests.test_admin_whitelist.TestAdminAuth" name="test_non_admin_blocked_delete_email" time="0.110" /><testcase classname="backend.tests.test_admin_whitelist.TestAdminAuth" name="test_non_admin_blocked_revoke_user" time="0.106" /><testcase classname="backend.tests.test_admin_whitelist.TestAdminAuth" name="test_no_auth_returns_401" time="0.102" /><testcase classname="backend.tests.test_admin_whitelist.TestWhitelistCRUD" name="test_add_list_remove_whitelist" time="0.752" /><testcase classname="backend.tests.test_admin_whitelist.TestListUsers" name="test_list_users_includes_shipment_count" time="0.117" /><testcase classname="backend.tests.test_admin_whitelist.TestRevokeUser" name="test_admin_cannot_revoke_self" time="0.105" /><testcase classname="backend.tests.test_admin_whitelist.TestRevokeUser" name="test_admin_cannot_revoke_another_admin" time="0.116" /><testcase classname="backend.tests.test_admin_whitelist.TestRevokeUser" name="test_revoke_nonexistent_user" time="0.124" /><testcase classname="backend.tests.test_admin_whitelist.TestRevokeUser" name="test_revoke_client_deletes_user_and_sessions" time="0.332" /><testcase classname="backend.tests.test_admin_whitelist.TestBootstrapLogic" name="test_admin_exists_check_works" time="0.002" /><testcase classname="backend.tests.test_admin_whitelist.TestBootstrapLogic" name="test_whitelist_check_blocks_when_not_listed" time="0.002" /></testsuite></testsuites>