<?xml version="1.0" encoding="utf-8"?><testsuites name="pytest tests"><testsuite name="pytest" errors="0" failures="0" skipped="0" tests="7" time="11.439" timestamp="2026-05-28T09:11:29.204766+00:00" hostname="agent-env-de14f6a1-c652-4bd9-9e98-22ab557da83c"><testcase classname="backend.tests.test_iteration3_fixes" name="test_pincode_452007_indore_serviceable" time="1.176" /><testcase classname="backend.tests.test_iteration3_fixes" name="test_warehouse_register_stayfree_already_exists" time="1.153" /><testcase classname="backend.tests.test_iteration3_fixes" name="test_create_order_stayfree_returns_real_waybill" time="1.385" /><testcase classname="backend.tests.test_iteration3_fixes" name="test_created_shipment_persisted" time="0.045" /><testcase classname="backend.tests.test_iteration3_fixes" name="test_label_download_returns_pdf_binary" time="3.140" /><testcase classname="backend.tests.test_iteration3_fixes" name="test_bulk_labels_zip_download" time="3.151" /><testcase classname="backend.tests.test_iteration3_fixes" name="test_schedule_pickup_stayfree" time="1.308" /></testsuite></testsuites>