<?xml version="1.0" encoding="utf-8"?><testsuites name="pytest tests"><testsuite name="pytest" errors="0" failures="0" skipped="0" tests="8" time="5.022" timestamp="2026-05-28T09:36:18.453843+00:00" hostname="agent-env-de14f6a1-c652-4bd9-9e98-22ab557da83c"><testcase classname="backend.tests.test_iteration4_features" name="test_settings_persists_seller_gst" time="0.319" /><testcase classname="backend.tests.test_iteration4_features" name="test_fwd_shipment_manifested_with_waybill" time="1.425" /><testcase classname="backend.tests.test_iteration4_features" name="test_fwd_shipment_delhivery_payload_weight_in_grams" time="0.000" /><testcase classname="backend.tests.test_iteration4_features" name="test_fwd_shipment_persisted_with_new_fields" time="0.048" /><testcase classname="backend.tests.test_iteration4_features" name="test_delhivery_payload_grams_and_pickup_type" time="0.311" /><testcase classname="backend.tests.test_iteration4_features" name="test_rvp_shipment_manifested" time="1.344" /><testcase classname="backend.tests.test_iteration4_features" name="test_bulk_template_has_new_columns" time="0.046" /><testcase classname="backend.tests.test_iteration4_features" name="test_bulk_upload_uses_settings_gst_and_new_fields" time="1.464" /></testsuite></testsuites>