<?xml version="1.0" encoding="utf-8"?><testsuites name="pytest tests"><testsuite name="pytest" errors="0" failures="0" skipped="0" tests="12" time="4.593" timestamp="2026-05-27T10:01:17.091522+00:00" hostname="agent-env-de14f6a1-c652-4bd9-9e98-22ab557da83c"><testcase classname="backend.tests.test_delhivery_api" name="test_root" time="0.273" /><testcase classname="backend.tests.test_delhivery_api" name="test_dashboard_stats" time="0.053" /><testcase classname="backend.tests.test_delhivery_api" name="test_list_shipments" time="0.046" /><testcase classname="backend.tests.test_delhivery_api" name="test_list_shipments_with_status" time="0.044" /><testcase classname="backend.tests.test_delhivery_api" name="test_list_pickups" time="0.043" /><testcase classname="backend.tests.test_delhivery_api" name="test_get_shipment_not_found" time="0.047" /><testcase classname="backend.tests.test_delhivery_api" name="test_track_shipment_not_found" time="0.047" /><testcase classname="backend.tests.test_delhivery_api" name="test_label_shipment_not_found" time="0.043" /><testcase classname="backend.tests.test_delhivery_api" name="test_create_shipment_via_orders_webhook" time="1.191" /><testcase classname="backend.tests.test_delhivery_api" name="test_create_shipment_manual_endpoint" time="1.020" /><testcase classname="backend.tests.test_delhivery_api" name="test_create_shipment_invalid_payload" time="0.041" /><testcase classname="backend.tests.test_delhivery_api" name="test_schedule_pickup" time="1.528" /></testsuite></testsuites>