<?xml version="1.0" encoding="utf-8"?><testsuites name="pytest tests"><testsuite name="pytest" errors="0" failures="0" skipped="0" tests="25" time="17.278" timestamp="2026-05-28T09:11:48.420138+00:00" hostname="agent-env-de14f6a1-c652-4bd9-9e98-22ab557da83c"><testcase classname="backend.tests.test_delhivery_api" name="test_root" time="0.147" /><testcase classname="backend.tests.test_delhivery_api" name="test_dashboard_stats" time="0.062" /><testcase classname="backend.tests.test_delhivery_api" name="test_list_shipments" time="0.049" /><testcase classname="backend.tests.test_delhivery_api" name="test_get_shipment_not_found" time="0.045" /><testcase classname="backend.tests.test_delhivery_api" name="test_track_shipment_not_found" time="0.047" /><testcase classname="backend.tests.test_delhivery_api" name="test_label_shipment_not_found" time="0.045" /><testcase classname="backend.tests.test_delhivery_api" name="test_pincode_check_serviceable" time="1.053" /><testcase classname="backend.tests.test_delhivery_api" name="test_pincode_check_non_serviceable" time="1.052" /><testcase classname="backend.tests.test_delhivery_api" name="test_get_settings_initial" time="0.044" /><testcase classname="backend.tests.test_delhivery_api" name="test_update_settings_persist" time="0.087" /><testcase classname="backend.tests.test_delhivery_api" name="test_bulk_template_download" time="0.042" /><testcase classname="backend.tests.test_delhivery_api" name="test_bulk_download_shipments" time="0.043" /><testcase classname="backend.tests.test_delhivery_api" name="test_bulk_upload_csv" time="1.167" /><testcase classname="backend.tests.test_delhivery_api" name="test_bulk_upload_non_csv" time="0.054" /><testcase classname="backend.tests.test_delhivery_api" name="test_schedule_pickup_default_time" time="1.148" /><testcase classname="backend.tests.test_delhivery_api" name="test_warehouse_register" time="1.218" /><testcase classname="backend.tests.test_delhivery_api" name="test_create_shipment_invalid_payload" time="0.045" /><testcase classname="backend.tests.test_delhivery_api" name="test_bulk_labels_empty_waybills" time="0.042" /><testcase classname="backend.tests.test_iteration3_fixes" name="test_pincode_452007_indore_serviceable" time="1.121" /><testcase classname="backend.tests.test_iteration3_fixes" name="test_warehouse_register_stayfree_already_exists" time="1.128" /><testcase classname="backend.tests.test_iteration3_fixes" name="test_create_order_stayfree_returns_real_waybill" time="1.314" /><testcase classname="backend.tests.test_iteration3_fixes" name="test_created_shipment_persisted" time="0.046" /><testcase classname="backend.tests.test_iteration3_fixes" name="test_label_download_returns_pdf_binary" time="3.017" /><testcase classname="backend.tests.test_iteration3_fixes" name="test_bulk_labels_zip_download" time="2.909" /><testcase classname="backend.tests.test_iteration3_fixes" name="test_schedule_pickup_stayfree" time="1.281" /></testsuite></testsuites>